=== slg: Odin vs C++ MCTS strength A/B under informative priors (games=100 sims/move=200 temp=1.0 sample_until=15 eval_seed=0xbeef) ===
  game   0: cpp    moves= 84  1.2s  running odin_winrate=0.000 (O0 C1 D0)
  game   1: cpp    moves= 56  0.8s  running odin_winrate=0.000 (O0 C2 D0)
  game   2: odin   moves=111  1.6s  running odin_winrate=0.333 (O1 C2 D0)
  game   3: odin   moves= 82  1.1s  running odin_winrate=0.500 (O2 C2 D0)
  game   4: cpp    moves= 92  1.3s  running odin_winrate=0.400 (O2 C3 D0)
  game   5: odin   moves= 99  1.3s  running odin_winrate=0.500 (O3 C3 D0)
  game   6: cpp    moves= 89  1.2s  running odin_winrate=0.429 (O3 C4 D0)
  game   7: cpp    moves= 97  1.1s  running odin_winrate=0.375 (O3 C5 D0)
  game   8: cpp    moves= 68  0.9s  running odin_winrate=0.333 (O3 C6 D0)
  game   9: cpp    moves= 85  1.2s  running odin_winrate=0.300 (O3 C7 D0)
  game  10: cpp    moves= 66  0.9s  running odin_winrate=0.273 (O3 C8 D0)
  game  11: cpp    moves= 93  1.3s  running odin_winrate=0.250 (O3 C9 D0)
  game  12: cpp    moves= 82  1.2s  running odin_winrate=0.231 (O3 C10 D0)
  game  13: odin   moves= 93  1.4s  running odin_winrate=0.286 (O4 C10 D0)
  game  14: odin   moves=103  1.3s  running odin_winrate=0.333 (O5 C10 D0)
  game  15: odin   moves= 69  0.9s  running odin_winrate=0.375 (O6 C10 D0)
  game  16: odin   moves= 55  0.6s  running odin_winrate=0.412 (O7 C10 D0)
  game  17: cpp    moves=106  1.3s  running odin_winrate=0.389 (O7 C11 D0)
  game  18: cpp    moves= 54  0.7s  running odin_winrate=0.368 (O7 C12 D0)
  game  19: odin   moves= 76  1.1s  running odin_winrate=0.400 (O8 C12 D0)
  game  20: odin   moves=111  1.5s  running odin_winrate=0.429 (O9 C12 D0)
  game  21: cpp    moves= 79  1.2s  running odin_winrate=0.409 (O9 C13 D0)
  game  22: cpp    moves= 81  1.1s  running odin_winrate=0.391 (O9 C14 D0)
  game  23: odin   moves=102  1.3s  running odin_winrate=0.417 (O10 C14 D0)
  game  24: odin   moves= 77  1.2s  running odin_winrate=0.440 (O11 C14 D0)
  game  25: odin   moves= 72  1.1s  running odin_winrate=0.462 (O12 C14 D0)
  game  26: cpp    moves= 68  1.0s  running odin_winrate=0.444 (O12 C15 D0)
  game  27: cpp    moves= 77  0.9s  running odin_winrate=0.429 (O12 C16 D0)
  game  28: cpp    moves= 68  0.8s  running odin_winrate=0.414 (O12 C17 D0)
  game  29: odin   moves= 82  1.1s  running odin_winrate=0.433 (O13 C17 D0)
  game  30: cpp    moves= 86  1.1s  running odin_winrate=0.419 (O13 C18 D0)
  game  31: odin   moves= 68  1.1s  running odin_winrate=0.438 (O14 C18 D0)
  game  32: cpp    moves= 56  0.8s  running odin_winrate=0.424 (O14 C19 D0)
  game  33: odin   moves= 68  1.0s  running odin_winrate=0.441 (O15 C19 D0)
  game  34: cpp    moves= 68  1.0s  running odin_winrate=0.429 (O15 C20 D0)
  game  35: cpp    moves=119  1.6s  running odin_winrate=0.417 (O15 C21 D0)
  game  36: odin   moves=129  1.6s  running odin_winrate=0.432 (O16 C21 D0)
  game  37: odin   moves= 80  1.1s  running odin_winrate=0.447 (O17 C21 D0)
  game  38: cpp    moves= 86  0.9s  running odin_winrate=0.436 (O17 C22 D0)
  game  39: odin   moves=102  1.2s  running odin_winrate=0.450 (O18 C22 D0)
  game  40: cpp    moves= 92  1.1s  running odin_winrate=0.439 (O18 C23 D0)
  game  41: odin   moves= 96  1.4s  running odin_winrate=0.452 (O19 C23 D0)
  game  42: cpp    moves= 80  1.0s  running odin_winrate=0.442 (O19 C24 D0)
  game  43: cpp    moves= 73  1.0s  running odin_winrate=0.432 (O19 C25 D0)
  game  44: cpp    moves=114  1.5s  running odin_winrate=0.422 (O19 C26 D0)
  game  45: odin   moves=117  1.8s  running odin_winrate=0.435 (O20 C26 D0)
  game  46: cpp    moves= 57  0.8s  running odin_winrate=0.426 (O20 C27 D0)
  game  47: odin   moves= 68  1.0s  running odin_winrate=0.438 (O21 C27 D0)
  game  48: cpp    moves= 45  0.7s  running odin_winrate=0.429 (O21 C28 D0)
  game  49: cpp    moves= 67  1.1s  running odin_winrate=0.420 (O21 C29 D0)
  game  50: odin   moves= 69  1.0s  running odin_winrate=0.431 (O22 C29 D0)
  game  51: cpp    moves= 89  1.2s  running odin_winrate=0.423 (O22 C30 D0)
  game  52: cpp    moves= 87  1.1s  running odin_winrate=0.415 (O22 C31 D0)
  game  53: odin   moves= 80  1.3s  running odin_winrate=0.426 (O23 C31 D0)
  game  54: cpp    moves= 99  1.4s  running odin_winrate=0.418 (O23 C32 D0)
  game  55: odin   moves= 44  0.6s  running odin_winrate=0.429 (O24 C32 D0)
  game  56: odin   moves= 83  1.3s  running odin_winrate=0.439 (O25 C32 D0)
  game  57: odin   moves= 97  1.4s  running odin_winrate=0.448 (O26 C32 D0)
  game  58: cpp    moves= 72  1.0s  running odin_winrate=0.441 (O26 C33 D0)
  game  59: odin   moves= 84  1.2s  running odin_winrate=0.450 (O27 C33 D0)
  game  60: cpp    moves= 54  0.7s  running odin_winrate=0.443 (O27 C34 D0)
  game  61: cpp    moves= 77  1.2s  running odin_winrate=0.435 (O27 C35 D0)
  game  62: odin   moves= 87  1.2s  running odin_winrate=0.444 (O28 C35 D0)
  game  63: cpp    moves= 67  0.9s  running odin_winrate=0.438 (O28 C36 D0)
  game  64: cpp    moves=111  1.4s  running odin_winrate=0.431 (O28 C37 D0)
  game  65: cpp    moves= 57  0.8s  running odin_winrate=0.424 (O28 C38 D0)
  game  66: odin   moves= 89  1.2s  running odin_winrate=0.433 (O29 C38 D0)
  game  67: cpp    moves= 93  1.3s  running odin_winrate=0.426 (O29 C39 D0)
  game  68: cpp    moves= 81  1.3s  running odin_winrate=0.420 (O29 C40 D0)
  game  69: cpp    moves=111  1.5s  running odin_winrate=0.414 (O29 C41 D0)
  game  70: odin   moves= 81  1.3s  running odin_winrate=0.423 (O30 C41 D0)
  game  71: odin   moves= 30  0.4s  running odin_winrate=0.431 (O31 C41 D0)
  game  72: cpp    moves= 68  1.0s  running odin_winrate=0.425 (O31 C42 D0)
  game  73: cpp    moves= 77  1.1s  running odin_winrate=0.419 (O31 C43 D0)
  game  74: odin   moves= 53  0.8s  running odin_winrate=0.427 (O32 C43 D0)
  game  75: odin   moves= 60  1.0s  running odin_winrate=0.434 (O33 C43 D0)
  game  76: odin   moves= 47  0.5s  running odin_winrate=0.442 (O34 C43 D0)
  game  77: odin   moves= 48  0.8s  running odin_winrate=0.449 (O35 C43 D0)
  game  78: odin   moves= 77  1.1s  running odin_winrate=0.456 (O36 C43 D0)
  game  79: cpp    moves= 87  1.2s  running odin_winrate=0.450 (O36 C44 D0)
  game  80: odin   moves= 73  1.0s  running odin_winrate=0.457 (O37 C44 D0)
  game  81: odin   moves= 72  1.1s  running odin_winrate=0.463 (O38 C44 D0)
  game  82: cpp    moves= 93  1.2s  running odin_winrate=0.458 (O38 C45 D0)
  game  83: cpp    moves= 73  0.9s  running odin_winrate=0.452 (O38 C46 D0)
  game  84: cpp    moves= 97  1.3s  running odin_winrate=0.447 (O38 C47 D0)
  game  85: odin   moves= 80  1.1s  running odin_winrate=0.453 (O39 C47 D0)
  game  86: odin   moves=102  1.3s  running odin_winrate=0.460 (O40 C47 D0)
  game  87: odin   moves=136  1.7s  running odin_winrate=0.466 (O41 C47 D0)
  game  88: odin   moves=104  1.3s  running odin_winrate=0.472 (O42 C47 D0)
  game  89: cpp    moves= 91  1.2s  running odin_winrate=0.467 (O42 C48 D0)
  game  90: cpp    moves= 72  1.0s  running odin_winrate=0.462 (O42 C49 D0)
  game  91: odin   moves=152  2.4s  running odin_winrate=0.467 (O43 C49 D0)
  game  92: cpp    moves= 82  1.2s  running odin_winrate=0.462 (O43 C50 D0)
  game  93: cpp    moves=100  1.4s  running odin_winrate=0.457 (O43 C51 D0)
  game  94: cpp    moves=101  1.4s  running odin_winrate=0.453 (O43 C52 D0)
  game  95: cpp    moves= 89  1.4s  running odin_winrate=0.448 (O43 C53 D0)
  game  96: odin   moves= 87  1.2s  running odin_winrate=0.454 (O44 C53 D0)
  game  97: odin   moves=104  1.4s  running odin_winrate=0.459 (O45 C53 D0)
  game  98: odin   moves= 67  0.9s  running odin_winrate=0.465 (O46 C53 D0)
  game  99: cpp    moves=109  1.5s  running odin_winrate=0.460 (O46 C54 D0)

Done: O=46 C=54 D=0  odin_winrate=0.460  Wilson95% = [0.366, 0.557]  elapsed=114.6s
50% in CI: True
