=== 7v8: Odin vs C++ MCTS strength A/B, NN evaluator (games=100 sims/move=200 temp=1.0 sample_until=15 net_seed=0) ===
net: SizeInvariantGoResNet(32ch x 4b), 76,323 params
  game   0: odin   moves= 83  11.4s  running odin_winrate=1.000 (O1 C0 D0)
  game   1: cpp    moves=196  30.4s  running odin_winrate=0.500 (O1 C1 D0)
  game   2: odin   moves= 83  12.0s  running odin_winrate=0.667 (O2 C1 D0)
  game   3: odin   moves= 86  13.4s  running odin_winrate=0.750 (O3 C1 D0)
  game   4: cpp    moves= 87  12.5s  running odin_winrate=0.600 (O3 C2 D0)
  game   5: odin   moves= 76  11.1s  running odin_winrate=0.667 (O4 C2 D0)
  game   6: odin   moves= 91  14.2s  running odin_winrate=0.714 (O5 C2 D0)
  game   7: odin   moves= 80  12.4s  running odin_winrate=0.750 (O6 C2 D0)
  game   8: odin   moves= 87  12.9s  running odin_winrate=0.778 (O7 C2 D0)
  game   9: cpp    moves=145  22.6s  running odin_winrate=0.700 (O7 C3 D0)
  game  10: odin   moves= 85  12.0s  running odin_winrate=0.727 (O8 C3 D0)
  game  11: odin   moves= 78  11.9s  running odin_winrate=0.750 (O9 C3 D0)
  game  12: cpp    moves=149  21.1s  running odin_winrate=0.692 (O9 C4 D0)
  game  13: cpp    moves=200  30.8s  running odin_winrate=0.643 (O9 C5 D0)
  game  14: cpp    moves=104  15.1s  running odin_winrate=0.600 (O9 C6 D0)
  game  15: odin   moves= 82  11.5s  running odin_winrate=0.625 (O10 C6 D0)
  game  16: cpp    moves= 83  11.6s  running odin_winrate=0.588 (O10 C7 D0)
  game  17: odin   moves= 86  12.4s  running odin_winrate=0.611 (O11 C7 D0)
  game  18: cpp    moves= 92  12.7s  running odin_winrate=0.579 (O11 C8 D0)
  game  19: cpp    moves= 81  11.4s  running odin_winrate=0.550 (O11 C9 D0)
  game  20: cpp    moves=106  13.9s  running odin_winrate=0.524 (O11 C10 D0)
  game  21: odin   moves= 96  14.1s  running odin_winrate=0.545 (O12 C10 D0)
  game  22: odin   moves= 87  12.2s  running odin_winrate=0.565 (O13 C10 D0)
  game  23: odin   moves= 92  14.5s  running odin_winrate=0.583 (O14 C10 D0)
  game  24: cpp    moves= 99  13.6s  running odin_winrate=0.560 (O14 C11 D0)
  game  25: cpp    moves=200  31.3s  running odin_winrate=0.538 (O14 C12 D0)
  game  26: cpp    moves=170  22.4s  running odin_winrate=0.519 (O14 C13 D0)
  game  27: odin   moves= 80  12.5s  running odin_winrate=0.536 (O15 C13 D0)
  game  28: cpp    moves= 80  11.9s  running odin_winrate=0.517 (O15 C14 D0)
  game  29: odin   moves= 76  10.8s  running odin_winrate=0.533 (O16 C14 D0)
  game  30: cpp    moves= 88  12.6s  running odin_winrate=0.516 (O16 C15 D0)
  game  31: odin   moves= 68  10.1s  running odin_winrate=0.531 (O17 C15 D0)
  game  32: odin   moves= 87  12.8s  running odin_winrate=0.545 (O18 C15 D0)
  game  33: odin   moves= 86  13.7s  running odin_winrate=0.559 (O19 C15 D0)
  game  34: odin   moves= 87  12.6s  running odin_winrate=0.571 (O20 C15 D0)
  game  35: odin   moves= 78  12.0s  running odin_winrate=0.583 (O21 C15 D0)
  game  36: cpp    moves= 85  11.9s  running odin_winrate=0.568 (O21 C16 D0)
  game  37: odin   moves= 84  13.1s  running odin_winrate=0.579 (O22 C16 D0)
  game  38: cpp    moves= 85  12.2s  running odin_winrate=0.564 (O22 C17 D0)
  game  39: odin   moves= 92  13.5s  running odin_winrate=0.575 (O23 C17 D0)
  game  40: cpp    moves= 94  12.9s  running odin_winrate=0.561 (O23 C18 D0)
  game  41: odin   moves= 92  14.5s  running odin_winrate=0.571 (O24 C18 D0)
  game  42: cpp    moves= 96  13.8s  running odin_winrate=0.558 (O24 C19 D0)
  game  43: odin   moves= 84  12.8s  running odin_winrate=0.568 (O25 C19 D0)
  game  44: cpp    moves= 83  12.0s  running odin_winrate=0.556 (O25 C20 D0)
  game  45: cpp    moves= 93  12.4s  running odin_winrate=0.543 (O25 C21 D0)
  game  46: cpp    moves= 83  11.5s  running odin_winrate=0.532 (O25 C22 D0)
  game  47: odin   moves= 92  14.3s  running odin_winrate=0.542 (O26 C22 D0)
  game  48: odin   moves= 89  12.7s  running odin_winrate=0.551 (O27 C22 D0)
  game  49: cpp    moves=152  22.6s  running odin_winrate=0.540 (O27 C23 D0)
  game  50: cpp    moves= 88  12.4s  running odin_winrate=0.529 (O27 C24 D0)
  game  51: cpp    moves= 79  11.5s  running odin_winrate=0.519 (O27 C25 D0)
  game  52: cpp    moves= 90  12.3s  running odin_winrate=0.509 (O27 C26 D0)
  game  53: cpp    moves=152  24.0s  running odin_winrate=0.500 (O27 C27 D0)
  game  54: odin   moves= 83  11.9s  running odin_winrate=0.509 (O28 C27 D0)
  game  55: odin   moves= 86  12.8s  running odin_winrate=0.518 (O29 C27 D0)
  game  56: odin   moves= 85  11.6s  running odin_winrate=0.526 (O30 C27 D0)
  game  57: cpp    moves=200  30.6s  running odin_winrate=0.517 (O30 C28 D0)
  game  58: cpp    moves= 80  11.6s  running odin_winrate=0.508 (O30 C29 D0)
  game  59: odin   moves= 78  11.6s  running odin_winrate=0.517 (O31 C29 D0)
  game  60: cpp    moves=147  20.9s  running odin_winrate=0.508 (O31 C30 D0)
  game  61: odin   moves=200  31.6s  running odin_winrate=0.516 (O32 C30 D0)
  game  62: cpp    moves=141  20.1s  running odin_winrate=0.508 (O32 C31 D0)
  game  63: odin   moves= 72  13.0s  running odin_winrate=0.516 (O33 C31 D0)
  game  64: cpp    moves= 94  12.7s  running odin_winrate=0.508 (O33 C32 D0)
  game  65: odin   moves= 86  12.0s  running odin_winrate=0.515 (O34 C32 D0)
  game  66: cpp    moves= 94  12.8s  running odin_winrate=0.507 (O34 C33 D0)
  game  67: cpp    moves= 89  11.7s  running odin_winrate=0.500 (O34 C34 D0)
  game  68: cpp    moves= 85  12.2s  running odin_winrate=0.493 (O34 C35 D0)
  game  69: cpp    moves= 99  13.1s  running odin_winrate=0.486 (O34 C36 D0)
  game  70: cpp    moves= 84  11.9s  running odin_winrate=0.479 (O34 C37 D0)
  game  71: odin   moves= 82  11.6s  running odin_winrate=0.486 (O35 C37 D0)
  game  72: odin   moves= 85  12.4s  running odin_winrate=0.493 (O36 C37 D0)
  game  73: odin   moves= 76  10.6s  running odin_winrate=0.500 (O37 C37 D0)
  game  74: cpp    moves= 87  12.2s  running odin_winrate=0.493 (O37 C38 D0)
  game  75: odin   moves= 84  11.8s  running odin_winrate=0.500 (O38 C38 D0)
  game  76: cpp    moves= 92  13.0s  running odin_winrate=0.494 (O38 C39 D0)
  game  77: odin   moves= 80  11.6s  running odin_winrate=0.500 (O39 C39 D0)
  game  78: odin   moves= 87  12.3s  running odin_winrate=0.506 (O40 C39 D0)
  game  79: odin   moves= 84  13.4s  running odin_winrate=0.512 (O41 C39 D0)
  game  80: odin   moves= 85  12.3s  running odin_winrate=0.519 (O42 C39 D0)
  game  81: cpp    moves=158  24.8s  running odin_winrate=0.512 (O42 C40 D0)
  game  82: cpp    moves= 85  11.9s  running odin_winrate=0.506 (O42 C41 D0)
  game  83: cpp    moves=200  28.7s  running odin_winrate=0.500 (O42 C42 D0)
  game  84: cpp    moves= 97  13.1s  running odin_winrate=0.494 (O42 C43 D0)
  game  85: odin   moves= 82  11.5s  running odin_winrate=0.500 (O43 C43 D0)
  game  86: cpp    moves=104  14.4s  running odin_winrate=0.494 (O43 C44 D0)
  game  87: odin   moves= 80  12.2s  running odin_winrate=0.500 (O44 C44 D0)
  game  88: odin   moves= 83  11.3s  running odin_winrate=0.506 (O45 C44 D0)
  game  89: odin   moves=104  14.2s  running odin_winrate=0.511 (O46 C44 D0)
  game  90: cpp    moves=158  22.7s  running odin_winrate=0.505 (O46 C45 D0)
  game  91: odin   moves= 84  12.5s  running odin_winrate=0.511 (O47 C45 D0)
  game  92: odin   moves= 89  12.6s  running odin_winrate=0.516 (O48 C45 D0)
  game  93: cpp    moves= 93  12.8s  running odin_winrate=0.511 (O48 C46 D0)
  game  94: odin   moves= 87  12.4s  running odin_winrate=0.516 (O49 C46 D0)
  game  95: odin   moves= 82  13.1s  running odin_winrate=0.521 (O50 C46 D0)
  game  96: cpp    moves= 90  12.8s  running odin_winrate=0.515 (O50 C47 D0)
  game  97: odin   moves= 72  11.2s  running odin_winrate=0.520 (O51 C47 D0)
  game  98: odin   moves= 89  13.7s  running odin_winrate=0.525 (O52 C47 D0)
  game  99: odin   moves= 86  12.7s  running odin_winrate=0.530 (O53 C47 D0)

Done: O=53 C=47 D=0  odin_winrate=0.530  Wilson95% = [0.433, 0.625]  elapsed=1447.0s
50% in CI: True
